#
# There is insufficient memory for the Java Runtime Environment to continue.
# Native memory allocation (malloc) failed to allocate 776976 bytes for Chunk::new
# Possible reasons:
#   The system is out of physical RAM or swap space
#   The process is running with CompressedOops enabled, and the Java Heap may be blocking the growth of the native heap
# Possible solutions:
#   Reduce memory load on the system
#   Increase physical memory or swap space
#   Check if swap backing store is full
#   Decrease Java heap size (-Xmx/-Xms)
#   Decrease number of Java threads
#   Decrease Java thread stack sizes (-Xss)
#   Set larger code cache with -XX:ReservedCodeCacheSize=
#   JVM is running with Zero Based Compressed Oops mode in which the Java heap is
#     placed in the first 32GB address space. The Java Heap base address is the
#     maximum limit for the native heap growth. Please use -XX:HeapBaseMinAddress
#     to set the Java Heap base and to place the Java Heap above 32GB virtual address.
# This output file may be truncated or incomplete.
#
#  Out of Memory Error (c:/cygwin64/tmp/openjdk-jdk11u-windows-x64-hotspot/workspace/build/src/src/hotspot/share/memory/arena.cpp:197), pid=31408, tid=2124
#
# JRE version: OpenJDK Runtime Environment (11.0.3+7) (build 11.0.3+7)
# Java VM: OpenJDK 64-Bit Server VM (11.0.3+7, mixed mode, tiered, compressed oops, g1 gc, windows-amd64)
# No core dump will be written. Minidumps are not enabled by default on client versions of Windows
#

---------------  S U M M A R Y ------------

Command Line: -Dfile.encoding=Cp1252 Main.Main

Host: AMD Ryzen 5 2600 Six-Core Processor            , 12 cores, 15G,  Windows 10 , 64 bit Build 17763 (10.0.17763.475)
Time: Thu Feb  6 22:58:35 2020 Paris, Madrid elapsed time: 9 seconds (0d 0h 0m 9s)

---------------  T H R E A D  ---------------

Current thread (0x000002d046b07800):  JavaThread "C2 CompilerThread1" daemon [_thread_in_native, id=2124, stack(0x000000f7050b0000,0x000000f7051b0000)]


Current CompileTask:
C2:   9606 2104   !   4       sun.awt.image.PNGImageDecoder::produceImage (1916 bytes)

Stack: [0x000000f7050b0000,0x000000f7051b0000]
Native frames: (J=compiled Java code, j=interpreted, Vv=VM code, C=native code)
V  [jvm.dll+0x5d6c1a]
V  [jvm.dll+0x70ac7f]
V  [jvm.dll+0x70c30b]
V  [jvm.dll+0x70c9d3]
V  [jvm.dll+0x23f608]
V  [jvm.dll+0xb982c]
V  [jvm.dll+0xb9dbc]
V  [jvm.dll+0x2aef34]
V  [jvm.dll+0x4f922f]
V  [jvm.dll+0x1fbe44]
V  [jvm.dll+0x1f8daf]
V  [jvm.dll+0x17de9b]
V  [jvm.dll+0x207cb7]
V  [jvm.dll+0x20621e]
V  [jvm.dll+0x6d397c]
V  [jvm.dll+0x6cc9cc]
V  [jvm.dll+0x5d5e96]
C  [ucrtbase.dll+0x21ffa]
C  [KERNEL32.DLL+0x17974]
C  [ntdll.dll+0x6a271]


---------------  P R O C E S S  ---------------

Threads class SMR info:
_java_thread_list=0x000002d04670a9d0, length=42, elements={
0x000002d045c82800, 0x000002d04653a800, 0x000002d045c88800, 0x000002d045c8a000,
0x000002d045c8d000, 0x000002d045c8e000, 0x000002d046550000, 0x000002d0466f9800,
0x000002d046711800, 0x000002d046b3c800, 0x000002d046b40000, 0x000002d046b4e800,
0x000002d04e2de000, 0x000002d0471a9000, 0x000002d04eb49800, 0x000002d04f460800,
0x000002d021c07800, 0x000002d04e2d3800, 0x000002d04e85b800, 0x000002d04f99e800,
0x000002d04f01b000, 0x000002d04f018000, 0x000002d04f016000, 0x000002d04f018800,
0x000002d04f019800, 0x000002d04f01a000, 0x000002d04f015800, 0x000002d04f017000,
0x000002d04f01c000, 0x000002d04e688000, 0x000002d04e68b000, 0x000002d04e686000,
0x000002d04e68a800, 0x000002d04e68c000, 0x000002d04e68c800, 0x000002d04e687000,
0x000002d04e689800, 0x000002d04e68d800, 0x000002d04e68e800, 0x000002d046b07800,
0x000002d04e688800, 0x000002d04e693800
}

Java Threads: ( => current thread )
  0x000002d045c82800 JavaThread "Reference Handler" daemon [_thread_blocked, id=33648, stack(0x000000f701a00000,0x000000f701b00000)]
  0x000002d04653a800 JavaThread "Finalizer" daemon [_thread_blocked, id=23784, stack(0x000000f701b00000,0x000000f701c00000)]
  0x000002d045c88800 JavaThread "Signal Dispatcher" daemon [_thread_blocked, id=13628, stack(0x000000f701c00000,0x000000f701d00000)]
  0x000002d045c8a000 JavaThread "Attach Listener" daemon [_thread_blocked, id=14140, stack(0x000000f701d00000,0x000000f701e00000)]
  0x000002d045c8d000 JavaThread "C2 CompilerThread0" daemon [_thread_in_native, id=3032, stack(0x000000f701e00000,0x000000f701f00000)]
  0x000002d045c8e000 JavaThread "C1 CompilerThread0" daemon [_thread_blocked, id=15444, stack(0x000000f701f00000,0x000000f702000000)]
  0x000002d046550000 JavaThread "Sweeper thread" daemon [_thread_blocked, id=14720, stack(0x000000f702000000,0x000000f702100000)]
  0x000002d0466f9800 JavaThread "Service Thread" daemon [_thread_blocked, id=10764, stack(0x000000f702100000,0x000000f702200000)]
  0x000002d046711800 JavaThread "Common-Cleaner" daemon [_thread_blocked, id=5476, stack(0x000000f702300000,0x000000f702400000)]
  0x000002d046b3c800 JavaThread "Java2D Disposer" daemon [_thread_blocked, id=37248, stack(0x000000f702400000,0x000000f702500000)]
  0x000002d046b40000 JavaThread "AWT-Shutdown" [_thread_blocked, id=21088, stack(0x000000f702500000,0x000000f702600000)]
  0x000002d046b4e800 JavaThread "AWT-Windows" daemon [_thread_in_native, id=4568, stack(0x000000f702600000,0x000000f702700000)]
  0x000002d04e2de000 JavaThread "Image Fetcher 3" daemon [_thread_blocked, id=6692, stack(0x000000f702a30000,0x000000f702b30000)]
  0x000002d0471a9000 JavaThread "Image Fetcher 2" daemon [_thread_blocked, id=9748, stack(0x000000f703130000,0x000000f703230000)]
  0x000002d04eb49800 JavaThread "AWT-EventQueue-0" [_thread_in_Java, id=37664, stack(0x000000f703230000,0x000000f703330000)]
  0x000002d04f460800 JavaThread "D3D Screen Updater" daemon [_thread_blocked, id=5160, stack(0x000000f703330000,0x000000f703430000)]
  0x000002d021c07800 JavaThread "DestroyJavaVM" [_thread_blocked, id=29700, stack(0x000000f701300000,0x000000f701400000)]
  0x000002d04e2d3800 JavaThread "Java Sound Event Dispatcher" daemon [_thread_blocked, id=33452, stack(0x000000f703540000,0x000000f703640000)]
  0x000002d04e85b800 JavaThread "Direct Clip" daemon [_thread_blocked, id=17208, stack(0x000000f703840000,0x000000f703940000)]
  0x000002d04f99e800 JavaThread "Direct Clip" daemon [_thread_blocked, id=26116, stack(0x000000f703c40000,0x000000f703d40000)]
  0x000002d04f01b000 JavaThread "Direct Clip" daemon [_thread_blocked, id=1764, stack(0x000000f703db0000,0x000000f703eb0000)]
  0x000002d04f018000 JavaThread "Direct Clip" daemon [_thread_blocked, id=33948, stack(0x000000f703eb0000,0x000000f703fb0000)]
  0x000002d04f016000 JavaThread "Direct Clip" daemon [_thread_blocked, id=10700, stack(0x000000f703fb0000,0x000000f7040b0000)]
  0x000002d04f018800 JavaThread "Direct Clip" daemon [_thread_blocked, id=240, stack(0x000000f7040b0000,0x000000f7041b0000)]
  0x000002d04f019800 JavaThread "Direct Clip" daemon [_thread_blocked, id=34728, stack(0x000000f7041b0000,0x000000f7042b0000)]
  0x000002d04f01a000 JavaThread "Direct Clip" daemon [_thread_blocked, id=22520, stack(0x000000f7042b0000,0x000000f7043b0000)]
  0x000002d04f015800 JavaThread "Direct Clip" daemon [_thread_blocked, id=38580, stack(0x000000f7043b0000,0x000000f7044b0000)]
  0x000002d04f017000 JavaThread "Direct Clip" daemon [_thread_blocked, id=5156, stack(0x000000f7044b0000,0x000000f7045b0000)]
  0x000002d04f01c000 JavaThread "Direct Clip" daemon [_thread_blocked, id=23584, stack(0x000000f7045b0000,0x000000f7046b0000)]
  0x000002d04e688000 JavaThread "Direct Clip" daemon [_thread_blocked, id=7300, stack(0x000000f7047b0000,0x000000f7048b0000)]
  0x000002d04e68b000 JavaThread "Direct Clip" daemon [_thread_blocked, id=17956, stack(0x000000f7048b0000,0x000000f7049b0000)]
  0x000002d04e686000 JavaThread "Direct Clip" daemon [_thread_blocked, id=31824, stack(0x000000f7046b0000,0x000000f7047b0000)]
  0x000002d04e68a800 JavaThread "Direct Clip" daemon [_thread_blocked, id=13524, stack(0x000000f7049b0000,0x000000f704ab0000)]
  0x000002d04e68c000 JavaThread "Direct Clip" daemon [_thread_blocked, id=36216, stack(0x000000f704bb0000,0x000000f704cb0000)]
  0x000002d04e68c800 JavaThread "Direct Clip" daemon [_thread_blocked, id=13768, stack(0x000000f704cb0000,0x000000f704db0000)]
  0x000002d04e687000 JavaThread "Direct Clip" daemon [_thread_blocked, id=9260, stack(0x000000f704ab0000,0x000000f704bb0000)]
  0x000002d04e689800 JavaThread "Direct Clip" daemon [_thread_blocked, id=24076, stack(0x000000f704db0000,0x000000f704eb0000)]
  0x000002d04e68d800 JavaThread "Direct Clip" daemon [_thread_blocked, id=24968, stack(0x000000f704eb0000,0x000000f704fb0000)]
  0x000002d04e68e800 JavaThread "Direct Clip" daemon [_thread_blocked, id=28828, stack(0x000000f704fb0000,0x000000f7050b0000)]
=>0x000002d046b07800 JavaThread "C2 CompilerThread1" daemon [_thread_in_native, id=2124, stack(0x000000f7050b0000,0x000000f7051b0000)]
  0x000002d04e688800 JavaThread "C2 CompilerThread2" daemon [_thread_blocked, id=2684, stack(0x000000f7051b0000,0x000000f7052b0000)]
  0x000002d04e693800 JavaThread "Direct Clip" daemon [_thread_blocked, id=26776, stack(0x000000f7052b0000,0x000000f7053b0000)]

Other Threads:
  0x000002d045c7d800 VMThread "VM Thread" [stack: 0x000000f701900000,0x000000f701a00000] [id=21708]
  0x000002d0466fa800 WatcherThread [stack: 0x000000f702200000,0x000000f702300000] [id=3372]
  0x000002d021c1d800 GCTaskThread "GC Thread#0" [stack: 0x000000f701400000,0x000000f701500000] [id=10688]
  0x000002d04e2f4800 GCTaskThread "GC Thread#1" [stack: 0x000000f702b30000,0x000000f702c30000] [id=29540]
  0x000002d04e2f3000 GCTaskThread "GC Thread#2" [stack: 0x000000f702c30000,0x000000f702d30000] [id=11336]
  0x000002d04e2f3800 GCTaskThread "GC Thread#3" [stack: 0x000000f702d30000,0x000000f702e30000] [id=3452]
  0x000002d04e2f1800 GCTaskThread "GC Thread#4" [stack: 0x000000f702e30000,0x000000f702f30000] [id=16204]
  0x000002d04e2f0000 GCTaskThread "GC Thread#5" [stack: 0x000000f702f30000,0x000000f703030000] [id=34264]
  0x000002d021c7e800 ConcurrentGCThread "G1 Main Marker" [stack: 0x000000f701500000,0x000000f701600000] [id=14012]
  0x000002d021c7f800 ConcurrentGCThread "G1 Conc#0" [stack: 0x000000f701600000,0x000000f701700000] [id=13996]
  0x000002d045b66000 ConcurrentGCThread "G1 Refine#0" [stack: 0x000000f701700000,0x000000f701800000] [id=12920]
  0x000002d045b69000 ConcurrentGCThread "G1 Young RemSet Sampling" [stack: 0x000000f701800000,0x000000f701900000] [id=24764]

Threads with active compile tasks:
C2 CompilerThread02281       4       sun.awt.SunToolkit::isInstanceOf (71 bytes)
C1 CompilerThread02293       3       sun.java2d.pipe.BufferedPaints::setPaint (125 bytes)
C2 CompilerThread12104   !   4       sun.awt.image.PNGImageDecoder::produceImage (1916 bytes)

VM state:not at safepoint (normal execution)

VM Mutex/Monitor currently owned by a thread: None

Heap address: 0x0000000700c00000, size: 4084 MB, Compressed Oops mode: Zero based, Oop shift amount: 3
Narrow klass base: 0x0000000800000000, Narrow klass shift: 0
Compressed class space size: 1073741824 Address: 0x0000000800000000

Heap:
 garbage-first heap   total 262144K, used 178363K [0x0000000700c00000, 0x0000000800000000)
  region size 1024K, 103 young (105472K), 3 survivors (3072K)
 Metaspace       used 17883K, capacity 18389K, committed 18560K, reserved 1064960K
  class space    used 1875K, capacity 2104K, committed 2176K, reserved 1048576K
Heap Regions: E=young(eden), S=young(survivor), O=old, HS=humongous(starts), HC=humongous(continues), CS=collection set, F=free, A=archive, TAMS=top-at-mark-start (previous, next)
|   0|0x0000000700c00000, 0x0000000700d00000, 0x0000000700d00000|100%|HS|  |TAMS 0x0000000700c00000, 0x0000000700c00000| Complete 
|   1|0x0000000700d00000, 0x0000000700e00000, 0x0000000700e00000|100%|HC|  |TAMS 0x0000000700d00000, 0x0000000700d00000| Complete 
|   2|0x0000000700e00000, 0x0000000700f00000, 0x0000000700f00000|100%|HC|  |TAMS 0x0000000700e00000, 0x0000000700e00000| Complete 
|   3|0x0000000700f00000, 0x0000000701000000, 0x0000000701000000|100%|HS|  |TAMS 0x0000000700f00000, 0x0000000700f00000| Complete 
|   4|0x0000000701000000, 0x0000000701100000, 0x0000000701100000|100%|HC|  |TAMS 0x0000000701000000, 0x0000000701000000| Complete 
|   5|0x0000000701100000, 0x0000000701200000, 0x0000000701200000|100%|HC|  |TAMS 0x0000000701100000, 0x0000000701100000| Complete 
|   6|0x0000000701200000, 0x0000000701300000, 0x0000000701300000|100%|HC|  |TAMS 0x0000000701200000, 0x0000000701200000| Complete 
|   7|0x0000000701300000, 0x0000000701400000, 0x0000000701400000|100%|HC|  |TAMS 0x0000000701300000, 0x0000000701300000| Complete 
|   8|0x0000000701400000, 0x0000000701500000, 0x0000000701500000|100%|HC|  |TAMS 0x0000000701400000, 0x0000000701400000| Complete 
|   9|0x0000000701500000, 0x0000000701600000, 0x0000000701600000|100%|HC|  |TAMS 0x0000000701500000, 0x0000000701500000| Complete 
|  10|0x0000000701600000, 0x0000000701700000, 0x0000000701700000|100%|HC|  |TAMS 0x0000000701600000, 0x0000000701600000| Complete 
|  11|0x0000000701700000, 0x0000000701800000, 0x0000000701800000|100%|HS|  |TAMS 0x0000000701700000, 0x0000000701700000| Complete 
|  12|0x0000000701800000, 0x0000000701900000, 0x0000000701900000|100%|HC|  |TAMS 0x0000000701800000, 0x0000000701800000| Complete 
|  13|0x0000000701900000, 0x0000000701a00000, 0x0000000701a00000|100%|HC|  |TAMS 0x0000000701900000, 0x0000000701900000| Complete 
|  14|0x0000000701a00000, 0x0000000701b00000, 0x0000000701b00000|100%|HS|  |TAMS 0x0000000701a00000, 0x0000000701a00000| Complete 
|  15|0x0000000701b00000, 0x0000000701c00000, 0x0000000701c00000|100%|HC|  |TAMS 0x0000000701b00000, 0x0000000701b00000| Complete 
|  16|0x0000000701c00000, 0x0000000701d00000, 0x0000000701d00000|100%|HC|  |TAMS 0x0000000701c00000, 0x0000000701c00000| Complete 
|  17|0x0000000701d00000, 0x0000000701e00000, 0x0000000701e00000|100%|HC|  |TAMS 0x0000000701d00000, 0x0000000701d00000| Complete 
|  18|0x0000000701e00000, 0x0000000701f00000, 0x0000000701f00000|100%|HC|  |TAMS 0x0000000701e00000, 0x0000000701e00000| Complete 
|  19|0x0000000701f00000, 0x0000000702000000, 0x0000000702000000|100%|HC|  |TAMS 0x0000000701f00000, 0x0000000701f00000| Complete 
|  20|0x0000000702000000, 0x0000000702100000, 0x0000000702100000|100%|HC|  |TAMS 0x0000000702000000, 0x0000000702000000| Complete 
|  21|0x0000000702100000, 0x0000000702200000, 0x0000000702200000|100%|HC|  |TAMS 0x0000000702100000, 0x0000000702100000| Complete 
|  22|0x0000000702200000, 0x0000000702300000, 0x0000000702300000|100%|HS|  |TAMS 0x0000000702200000, 0x0000000702200000| Complete 
|  23|0x0000000702300000, 0x0000000702400000, 0x0000000702400000|100%|HC|  |TAMS 0x0000000702300000, 0x0000000702300000| Complete 
|  24|0x0000000702400000, 0x0000000702500000, 0x0000000702500000|100%|HC|  |TAMS 0x0000000702400000, 0x0000000702400000| Complete 
|  25|0x0000000702500000, 0x0000000702600000, 0x0000000702600000|100%|HC|  |TAMS 0x0000000702500000, 0x0000000702500000| Complete 
|  26|0x0000000702600000, 0x0000000702700000, 0x0000000702700000|100%|HC|  |TAMS 0x0000000702600000, 0x0000000702600000| Complete 
|  27|0x0000000702700000, 0x0000000702800000, 0x0000000702800000|100%|HC|  |TAMS 0x0000000702700000, 0x0000000702700000| Complete 
|  28|0x0000000702800000, 0x0000000702900000, 0x0000000702900000|100%|HC|  |TAMS 0x0000000702800000, 0x0000000702800000| Complete 
|  29|0x0000000702900000, 0x0000000702a00000, 0x0000000702a00000|100%|HC|  |TAMS 0x0000000702900000, 0x0000000702900000| Complete 
|  30|0x0000000702a00000, 0x0000000702b00000, 0x0000000702b00000|100%|HS|  |TAMS 0x0000000702a00000, 0x0000000702a00000| Complete 
|  31|0x0000000702b00000, 0x0000000702c00000, 0x0000000702c00000|100%|HC|  |TAMS 0x0000000702b00000, 0x0000000702b00000| Complete 
|  32|0x0000000702c00000, 0x0000000702d00000, 0x0000000702d00000|100%|HC|  |TAMS 0x0000000702c00000, 0x0000000702c00000| Complete 
|  33|0x0000000702d00000, 0x0000000702e00000, 0x0000000702e00000|100%|HC|  |TAMS 0x0000000702d00000, 0x0000000702d00000| Complete 
|  34|0x0000000702e00000, 0x0000000702f00000, 0x0000000702f00000|100%|HC|  |TAMS 0x0000000702e00000, 0x0000000702e00000| Complete 
|  35|0x0000000702f00000, 0x0000000703000000, 0x0000000703000000|100%|HC|  |TAMS 0x0000000702f00000, 0x0000000702f00000| Complete 
|  36|0x0000000703000000, 0x0000000703100000, 0x0000000703100000|100%|HC|  |TAMS 0x0000000703000000, 0x0000000703000000| Complete 
|  37|0x0000000703100000, 0x0000000703200000, 0x0000000703200000|100%|HC|  |TAMS 0x0000000703100000, 0x0000000703100000| Complete 
|  38|0x0000000703200000, 0x0000000703300000, 0x0000000703300000|100%|HS|  |TAMS 0x0000000703200000, 0x0000000703200000| Complete 
|  39|0x0000000703300000, 0x0000000703400000, 0x0000000703400000|100%|HC|  |TAMS 0x0000000703300000, 0x0000000703300000| Complete 
|  40|0x0000000703400000, 0x0000000703500000, 0x0000000703500000|100%|HS|  |TAMS 0x0000000703400000, 0x0000000703400000| Complete 
|  41|0x0000000703500000, 0x0000000703600000, 0x0000000703600000|100%|HC|  |TAMS 0x0000000703500000, 0x0000000703500000| Complete 
|  42|0x0000000703600000, 0x0000000703700000, 0x0000000703700000|100%|HS|  |TAMS 0x0000000703600000, 0x0000000703600000| Complete 
|  43|0x0000000703700000, 0x0000000703800000, 0x0000000703800000|100%|HC|  |TAMS 0x0000000703700000, 0x0000000703700000| Complete 
|  44|0x0000000703800000, 0x0000000703900000, 0x0000000703900000|100%|HC|  |TAMS 0x0000000703800000, 0x0000000703800000| Complete 
|  45|0x0000000703900000, 0x0000000703a00000, 0x0000000703a00000|100%|HC|  |TAMS 0x0000000703900000, 0x0000000703900000| Complete 
|  46|0x0000000703a00000, 0x0000000703b00000, 0x0000000703b00000|100%|HC|  |TAMS 0x0000000703a00000, 0x0000000703a00000| Complete 
|  47|0x0000000703b00000, 0x0000000703c00000, 0x0000000703c00000|100%|HC|  |TAMS 0x0000000703b00000, 0x0000000703b00000| Complete 
|  48|0x0000000703c00000, 0x0000000703d00000, 0x0000000703d00000|100%|HC|  |TAMS 0x0000000703c00000, 0x0000000703c00000| Complete 
|  49|0x0000000703d00000, 0x0000000703e00000, 0x0000000703e00000|100%|HC|  |TAMS 0x0000000703d00000, 0x0000000703d00000| Complete 
|  50|0x0000000703e00000, 0x0000000703f00000, 0x0000000703f00000|100%|HS|  |TAMS 0x0000000703e00000, 0x0000000703e00000| Complete 
|  51|0x0000000703f00000, 0x0000000704000000, 0x0000000704000000|100%|HC|  |TAMS 0x0000000703f00000, 0x0000000703f00000| Complete 
|  52|0x0000000704000000, 0x0000000704100000, 0x0000000704100000|100%|HC|  |TAMS 0x0000000704000000, 0x0000000704000000| Complete 
|  53|0x0000000704100000, 0x0000000704200000, 0x0000000704200000|100%|HC|  |TAMS 0x0000000704100000, 0x0000000704100000| Complete 
|  54|0x0000000704200000, 0x0000000704300000, 0x0000000704300000|100%|HC|  |TAMS 0x0000000704200000, 0x0000000704200000| Complete 
|  55|0x0000000704300000, 0x0000000704400000, 0x0000000704400000|100%|HC|  |TAMS 0x0000000704300000, 0x0000000704300000| Complete 
|  56|0x0000000704400000, 0x0000000704500000, 0x0000000704500000|100%|HC|  |TAMS 0x0000000704400000, 0x0000000704400000| Complete 
|  57|0x0000000704500000, 0x0000000704600000, 0x0000000704600000|100%|HC|  |TAMS 0x0000000704500000, 0x0000000704500000| Complete 
|  58|0x0000000704600000, 0x0000000704700000, 0x0000000704700000|100%|HS|  |TAMS 0x0000000704600000, 0x0000000704600000| Complete 
|  59|0x0000000704700000, 0x0000000704800000, 0x0000000704800000|100%|HC|  |TAMS 0x0000000704700000, 0x0000000704700000| Complete 
|  60|0x0000000704800000, 0x0000000704900000, 0x0000000704900000|100%|HC|  |TAMS 0x0000000704800000, 0x0000000704800000| Complete 
|  61|0x0000000704900000, 0x0000000704a00000, 0x0000000704a00000|100%|HC|  |TAMS 0x0000000704900000, 0x0000000704900000| Complete 
|  62|0x0000000704a00000, 0x0000000704b00000, 0x0000000704b00000|100%|HC|  |TAMS 0x0000000704a00000, 0x0000000704a00000| Complete 
|  63|0x0000000704b00000, 0x0000000704c00000, 0x0000000704c00000|100%|HC|  |TAMS 0x0000000704b00000, 0x0000000704b00000| Complete 
|  64|0x0000000704c00000, 0x0000000704d00000, 0x0000000704d00000|100%|HC|  |TAMS 0x0000000704c00000, 0x0000000704c00000| Complete 
|  65|0x0000000704d00000, 0x0000000704e00000, 0x0000000704e00000|100%|HC|  |TAMS 0x0000000704d00000, 0x0000000704d00000| Complete 
|  66|0x0000000704e00000, 0x0000000704f00000, 0x0000000704f00000|100%|HS|  |TAMS 0x0000000704e00000, 0x0000000704e00000| Complete 
|  67|0x0000000704f00000, 0x0000000705000000, 0x0000000705000000|100%|HC|  |TAMS 0x0000000704f00000, 0x0000000704f00000| Complete 
|  68|0x0000000705000000, 0x0000000705100000, 0x0000000705100000|100%|HC|  |TAMS 0x0000000705000000, 0x0000000705000000| Complete 
|  69|0x0000000705100000, 0x0000000705200000, 0x0000000705200000|100%|HC|  |TAMS 0x0000000705100000, 0x0000000705100000| Complete 
|  70|0x0000000705200000, 0x0000000705300000, 0x0000000705300000|100%|HC|  |TAMS 0x0000000705200000, 0x0000000705200000| Complete 
|  71|0x0000000705300000, 0x0000000705400000, 0x0000000705400000|100%|HC|  |TAMS 0x0000000705300000, 0x0000000705300000| Complete 
|  72|0x0000000705400000, 0x0000000705500000, 0x0000000705500000|100%|HC|  |TAMS 0x0000000705400000, 0x0000000705400000| Complete 
|  73|0x0000000705500000, 0x0000000705600000, 0x0000000705600000|100%|HC|  |TAMS 0x0000000705500000, 0x0000000705500000| Complete 
|  74|0x0000000705600000, 0x0000000705600000, 0x0000000705700000|  0%| F|  |TAMS 0x0000000705600000, 0x0000000705600000| Untracked 
|  75|0x0000000705700000, 0x0000000705700000, 0x0000000705800000|  0%| F|  |TAMS 0x0000000705700000, 0x0000000705700000| Untracked 
|  76|0x0000000705800000, 0x0000000705800000, 0x0000000705900000|  0%| F|  |TAMS 0x0000000705800000, 0x0000000705800000| Untracked 
|  77|0x0000000705900000, 0x0000000705900000, 0x0000000705a00000|  0%| F|  |TAMS 0x0000000705900000, 0x0000000705900000| Untracked 
|  78|0x0000000705a00000, 0x0000000705a00000, 0x0000000705b00000|  0%| F|  |TAMS 0x0000000705a00000, 0x0000000705a00000| Untracked 
|  79|0x0000000705b00000, 0x0000000705b00000, 0x0000000705c00000|  0%| F|  |TAMS 0x0000000705b00000, 0x0000000705b00000| Untracked 
|  80|0x0000000705c00000, 0x0000000705c00000, 0x0000000705d00000|  0%| F|  |TAMS 0x0000000705c00000, 0x0000000705c00000| Untracked 
|  81|0x0000000705d00000, 0x0000000705d00000, 0x0000000705e00000|  0%| F|  |TAMS 0x0000000705d00000, 0x0000000705d00000| Untracked 
|  82|0x0000000705e00000, 0x0000000705e00000, 0x0000000705f00000|  0%| F|  |TAMS 0x0000000705e00000, 0x0000000705e00000| Untracked 
|  83|0x0000000705f00000, 0x0000000705f00000, 0x0000000706000000|  0%| F|  |TAMS 0x0000000705f00000, 0x0000000705f00000| Untracked 
|  84|0x0000000706000000, 0x0000000706000000, 0x0000000706100000|  0%| F|  |TAMS 0x0000000706000000, 0x0000000706000000| Untracked 
|  85|0x0000000706100000, 0x0000000706100000, 0x0000000706200000|  0%| F|  |TAMS 0x0000000706100000, 0x0000000706100000| Untracked 
|  86|0x0000000706200000, 0x0000000706200000, 0x0000000706300000|  0%| F|  |TAMS 0x0000000706200000, 0x0000000706200000| Untracked 
|  87|0x0000000706300000, 0x0000000706300000, 0x0000000706400000|  0%| F|  |TAMS 0x0000000706300000, 0x0000000706300000| Untracked 
|  88|0x0000000706400000, 0x0000000706400000, 0x0000000706500000|  0%| F|  |TAMS 0x0000000706400000, 0x0000000706400000| Untracked 
|  89|0x0000000706500000, 0x0000000706500000, 0x0000000706600000|  0%| F|  |TAMS 0x0000000706500000, 0x0000000706500000| Untracked 
|  90|0x0000000706600000, 0x0000000706600000, 0x0000000706700000|  0%| F|  |TAMS 0x0000000706600000, 0x0000000706600000| Untracked 
|  91|0x0000000706700000, 0x0000000706700000, 0x0000000706800000|  0%| F|  |TAMS 0x0000000706700000, 0x0000000706700000| Untracked 
|  92|0x0000000706800000, 0x0000000706800000, 0x0000000706900000|  0%| F|  |TAMS 0x0000000706800000, 0x0000000706800000| Untracked 
|  93|0x0000000706900000, 0x0000000706900000, 0x0000000706a00000|  0%| F|  |TAMS 0x0000000706900000, 0x0000000706900000| Untracked 
|  94|0x0000000706a00000, 0x0000000706a00000, 0x0000000706b00000|  0%| F|  |TAMS 0x0000000706a00000, 0x0000000706a00000| Untracked 
|  95|0x0000000706b00000, 0x0000000706b00000, 0x0000000706c00000|  0%| F|  |TAMS 0x0000000706b00000, 0x0000000706b00000| Untracked 
|  96|0x0000000706c00000, 0x0000000706c00000, 0x0000000706d00000|  0%| F|  |TAMS 0x0000000706c00000, 0x0000000706c00000| Untracked 
|  97|0x0000000706d00000, 0x0000000706d00000, 0x0000000706e00000|  0%| F|  |TAMS 0x0000000706d00000, 0x0000000706d00000| Untracked 
|  98|0x0000000706e00000, 0x0000000706e00000, 0x0000000706f00000|  0%| F|  |TAMS 0x0000000706e00000, 0x0000000706e00000| Untracked 
|  99|0x0000000706f00000, 0x0000000706f00000, 0x0000000707000000|  0%| F|  |TAMS 0x0000000706f00000, 0x0000000706f00000| Untracked 
| 100|0x0000000707000000, 0x0000000707000000, 0x0000000707100000|  0%| F|  |TAMS 0x0000000707000000, 0x0000000707000000| Untracked 
| 101|0x0000000707100000, 0x0000000707100000, 0x0000000707200000|  0%| F|  |TAMS 0x0000000707100000, 0x0000000707100000| Untracked 
| 102|0x0000000707200000, 0x0000000707200000, 0x0000000707300000|  0%| F|  |TAMS 0x0000000707200000, 0x0000000707200000| Untracked 
| 103|0x0000000707300000, 0x0000000707300000, 0x0000000707400000|  0%| F|  |TAMS 0x0000000707300000, 0x0000000707300000| Untracked 
| 104|0x0000000707400000, 0x0000000707400000, 0x0000000707500000|  0%| F|  |TAMS 0x0000000707400000, 0x0000000707400000| Untracked 
| 105|0x0000000707500000, 0x0000000707500000, 0x0000000707600000|  0%| F|  |TAMS 0x0000000707500000, 0x0000000707500000| Untracked 
| 106|0x0000000707600000, 0x0000000707600000, 0x0000000707700000|  0%| F|  |TAMS 0x0000000707600000, 0x0000000707600000| Untracked 
| 107|0x0000000707700000, 0x0000000707700000, 0x0000000707800000|  0%| F|  |TAMS 0x0000000707700000, 0x0000000707700000| Untracked 
| 108|0x0000000707800000, 0x0000000707800000, 0x0000000707900000|  0%| F|  |TAMS 0x0000000707800000, 0x0000000707800000| Untracked 
| 109|0x0000000707900000, 0x0000000707900000, 0x0000000707a00000|  0%| F|  |TAMS 0x0000000707900000, 0x0000000707900000| Untracked 
| 110|0x0000000707a00000, 0x0000000707a00000, 0x0000000707b00000|  0%| F|  |TAMS 0x0000000707a00000, 0x0000000707a00000| Untracked 
| 111|0x0000000707b00000, 0x0000000707b00000, 0x0000000707c00000|  0%| F|  |TAMS 0x0000000707b00000, 0x0000000707b00000| Untracked 
| 112|0x0000000707c00000, 0x0000000707c00000, 0x0000000707d00000|  0%| F|  |TAMS 0x0000000707c00000, 0x0000000707c00000| Untracked 
| 113|0x0000000707d00000, 0x0000000707d00000, 0x0000000707e00000|  0%| F|  |TAMS 0x0000000707d00000, 0x0000000707d00000| Untracked 
| 114|0x0000000707e00000, 0x0000000707e00000, 0x0000000707f00000|  0%| F|  |TAMS 0x0000000707e00000, 0x0000000707e00000| Untracked 
| 115|0x0000000707f00000, 0x0000000707f00000, 0x0000000708000000|  0%| F|  |TAMS 0x0000000707f00000, 0x0000000707f00000| Untracked 
| 116|0x0000000708000000, 0x0000000708000000, 0x0000000708100000|  0%| F|  |TAMS 0x0000000708000000, 0x0000000708000000| Untracked 
| 117|0x0000000708100000, 0x0000000708100000, 0x0000000708200000|  0%| F|  |TAMS 0x0000000708100000, 0x0000000708100000| Untracked 
| 118|0x0000000708200000, 0x0000000708200000, 0x0000000708300000|  0%| F|  |TAMS 0x0000000708200000, 0x0000000708200000| Untracked 
| 119|0x0000000708300000, 0x0000000708300000, 0x0000000708400000|  0%| F|  |TAMS 0x0000000708300000, 0x0000000708300000| Untracked 
| 120|0x0000000708400000, 0x0000000708400000, 0x0000000708500000|  0%| F|  |TAMS 0x0000000708400000, 0x0000000708400000| Untracked 
| 121|0x0000000708500000, 0x0000000708500000, 0x0000000708600000|  0%| F|  |TAMS 0x0000000708500000, 0x0000000708500000| Untracked 
| 122|0x0000000708600000, 0x0000000708600000, 0x0000000708700000|  0%| F|  |TAMS 0x0000000708600000, 0x0000000708600000| Untracked 
| 123|0x0000000708700000, 0x0000000708700000, 0x0000000708800000|  0%| F|  |TAMS 0x0000000708700000, 0x0000000708700000| Untracked 
| 124|0x0000000708800000, 0x0000000708800000, 0x0000000708900000|  0%| F|  |TAMS 0x0000000708800000, 0x0000000708800000| Untracked 
| 125|0x0000000708900000, 0x0000000708900000, 0x0000000708a00000|  0%| F|  |TAMS 0x0000000708900000, 0x0000000708900000| Untracked 
| 126|0x0000000708a00000, 0x0000000708a00000, 0x0000000708b00000|  0%| F|  |TAMS 0x0000000708a00000, 0x0000000708a00000| Untracked 
| 127|0x0000000708b00000, 0x0000000708b00000, 0x0000000708c00000|  0%| F|  |TAMS 0x0000000708b00000, 0x0000000708b00000| Untracked 
| 128|0x0000000708c00000, 0x0000000708c00000, 0x0000000708d00000|  0%| F|  |TAMS 0x0000000708c00000, 0x0000000708c00000| Untracked 
| 129|0x0000000708d00000, 0x0000000708d00000, 0x0000000708e00000|  0%| F|  |TAMS 0x0000000708d00000, 0x0000000708d00000| Untracked 
| 130|0x0000000708e00000, 0x0000000708e00000, 0x0000000708f00000|  0%| F|  |TAMS 0x0000000708e00000, 0x0000000708e00000| Untracked 
| 131|0x0000000708f00000, 0x0000000708f00000, 0x0000000709000000|  0%| F|  |TAMS 0x0000000708f00000, 0x0000000708f00000| Untracked 
| 132|0x0000000709000000, 0x0000000709000000, 0x0000000709100000|  0%| F|  |TAMS 0x0000000709000000, 0x0000000709000000| Untracked 
| 133|0x0000000709100000, 0x0000000709100000, 0x0000000709200000|  0%| F|  |TAMS 0x0000000709100000, 0x0000000709100000| Untracked 
| 134|0x0000000709200000, 0x0000000709200000, 0x0000000709300000|  0%| F|  |TAMS 0x0000000709200000, 0x0000000709200000| Untracked 
| 135|0x0000000709300000, 0x0000000709300000, 0x0000000709400000|  0%| F|  |TAMS 0x0000000709300000, 0x0000000709300000| Untracked 
| 136|0x0000000709400000, 0x0000000709400000, 0x0000000709500000|  0%| F|  |TAMS 0x0000000709400000, 0x0000000709400000| Untracked 
| 137|0x0000000709500000, 0x0000000709500000, 0x0000000709600000|  0%| F|  |TAMS 0x0000000709500000, 0x0000000709500000| Untracked 
| 138|0x0000000709600000, 0x0000000709600000, 0x0000000709700000|  0%| F|  |TAMS 0x0000000709600000, 0x0000000709600000| Untracked 
| 139|0x0000000709700000, 0x0000000709700000, 0x0000000709800000|  0%| F|  |TAMS 0x0000000709700000, 0x0000000709700000| Untracked 
| 140|0x0000000709800000, 0x0000000709800000, 0x0000000709900000|  0%| F|  |TAMS 0x0000000709800000, 0x0000000709800000| Untracked 
| 141|0x0000000709900000, 0x0000000709900000, 0x0000000709a00000|  0%| F|  |TAMS 0x0000000709900000, 0x0000000709900000| Untracked 
| 142|0x0000000709a00000, 0x0000000709a00000, 0x0000000709b00000|  0%| F|  |TAMS 0x0000000709a00000, 0x0000000709a00000| Untracked 
| 143|0x0000000709b00000, 0x0000000709b00000, 0x0000000709c00000|  0%| F|  |TAMS 0x0000000709b00000, 0x0000000709b00000| Untracked 
| 144|0x0000000709c00000, 0x0000000709c00000, 0x0000000709d00000|  0%| F|  |TAMS 0x0000000709c00000, 0x0000000709c00000| Untracked 
| 145|0x0000000709d00000, 0x0000000709d00000, 0x0000000709e00000|  0%| F|  |TAMS 0x0000000709d00000, 0x0000000709d00000| Untracked 
| 146|0x0000000709e00000, 0x0000000709e00000, 0x0000000709f00000|  0%| F|  |TAMS 0x0000000709e00000, 0x0000000709e00000| Untracked 
| 147|0x0000000709f00000, 0x0000000709f00000, 0x000000070a000000|  0%| F|  |TAMS 0x0000000709f00000, 0x0000000709f00000| Untracked 
| 148|0x000000070a000000, 0x000000070a000000, 0x000000070a100000|  0%| F|  |TAMS 0x000000070a000000, 0x000000070a000000| Untracked 
| 149|0x000000070a100000, 0x000000070a100000, 0x000000070a200000|  0%| F|  |TAMS 0x000000070a100000, 0x000000070a100000| Untracked 
| 150|0x000000070a200000, 0x000000070a200000, 0x000000070a300000|  0%| F|  |TAMS 0x000000070a200000, 0x000000070a200000| Untracked 
| 151|0x000000070a300000, 0x000000070a300000, 0x000000070a400000|  0%| F|  |TAMS 0x000000070a300000, 0x000000070a300000| Untracked 
| 152|0x000000070a400000, 0x000000070a400000, 0x000000070a500000|  0%| F|  |TAMS 0x000000070a400000, 0x000000070a400000| Untracked 
| 153|0x000000070a500000, 0x000000070a600000, 0x000000070a600000|100%| E|  |TAMS 0x000000070a500000, 0x000000070a500000| Complete 
| 154|0x000000070a600000, 0x000000070a700000, 0x000000070a700000|100%| E|CS|TAMS 0x000000070a600000, 0x000000070a600000| Complete 
| 155|0x000000070a700000, 0x000000070a800000, 0x000000070a800000|100%| E|CS|TAMS 0x000000070a700000, 0x000000070a700000| Complete 
| 156|0x000000070a800000, 0x000000070a900000, 0x000000070a900000|100%| E|CS|TAMS 0x000000070a800000, 0x000000070a800000| Complete 
| 157|0x000000070a900000, 0x000000070aa00000, 0x000000070aa00000|100%| E|CS|TAMS 0x000000070a900000, 0x000000070a900000| Complete 
| 158|0x000000070aa00000, 0x000000070ab00000, 0x000000070ab00000|100%| E|CS|TAMS 0x000000070aa00000, 0x000000070aa00000| Complete 
| 159|0x000000070ab00000, 0x000000070ac00000, 0x000000070ac00000|100%| E|CS|TAMS 0x000000070ab00000, 0x000000070ab00000| Complete 
| 160|0x000000070ac00000, 0x000000070ad00000, 0x000000070ad00000|100%| E|CS|TAMS 0x000000070ac00000, 0x000000070ac00000| Complete 
| 161|0x000000070ad00000, 0x000000070ae00000, 0x000000070ae00000|100%| E|CS|TAMS 0x000000070ad00000, 0x000000070ad00000| Complete 
| 162|0x000000070ae00000, 0x000000070af00000, 0x000000070af00000|100%| E|CS|TAMS 0x000000070ae00000, 0x000000070ae00000| Complete 
| 163|0x000000070af00000, 0x000000070b000000, 0x000000070b000000|100%| E|CS|TAMS 0x000000070af00000, 0x000000070af00000| Complete 
| 164|0x000000070b000000, 0x000000070b100000, 0x000000070b100000|100%| E|CS|TAMS 0x000000070b000000, 0x000000070b000000| Complete 
| 165|0x000000070b100000, 0x000000070b200000, 0x000000070b200000|100%| E|CS|TAMS 0x000000070b100000, 0x000000070b100000| Complete 
| 166|0x000000070b200000, 0x000000070b300000, 0x000000070b300000|100%| E|CS|TAMS 0x000000070b200000, 0x000000070b200000| Complete 
| 167|0x000000070b300000, 0x000000070b400000, 0x000000070b400000|100%| E|CS|TAMS 0x000000070b300000, 0x000000070b300000| Complete 
| 168|0x000000070b400000, 0x000000070b500000, 0x000000070b500000|100%| E|CS|TAMS 0x000000070b400000, 0x000000070b400000| Complete 
| 169|0x000000070b500000, 0x000000070b600000, 0x000000070b600000|100%| E|CS|TAMS 0x000000070b500000, 0x000000070b500000| Complete 
| 170|0x000000070b600000, 0x000000070b700000, 0x000000070b700000|100%| E|CS|TAMS 0x000000070b600000, 0x000000070b600000| Complete 
| 171|0x000000070b700000, 0x000000070b800000, 0x000000070b800000|100%| E|CS|TAMS 0x000000070b700000, 0x000000070b700000| Complete 
| 172|0x000000070b800000, 0x000000070b900000, 0x000000070b900000|100%| E|CS|TAMS 0x000000070b800000, 0x000000070b800000| Complete 
| 173|0x000000070b900000, 0x000000070ba00000, 0x000000070ba00000|100%| E|CS|TAMS 0x000000070b900000, 0x000000070b900000| Complete 
| 174|0x000000070ba00000, 0x000000070bb00000, 0x000000070bb00000|100%| E|CS|TAMS 0x000000070ba00000, 0x000000070ba00000| Complete 
| 175|0x000000070bb00000, 0x000000070bc00000, 0x000000070bc00000|100%| E|CS|TAMS 0x000000070bb00000, 0x000000070bb00000| Complete 
| 176|0x000000070bc00000, 0x000000070bd00000, 0x000000070bd00000|100%| E|CS|TAMS 0x000000070bc00000, 0x000000070bc00000| Complete 
| 177|0x000000070bd00000, 0x000000070be00000, 0x000000070be00000|100%| E|CS|TAMS 0x000000070bd00000, 0x000000070bd00000| Complete 
| 178|0x000000070be00000, 0x000000070bf00000, 0x000000070bf00000|100%| E|CS|TAMS 0x000000070be00000, 0x000000070be00000| Complete 
| 179|0x000000070bf00000, 0x000000070c000000, 0x000000070c000000|100%| E|CS|TAMS 0x000000070bf00000, 0x000000070bf00000| Complete 
| 180|0x000000070c000000, 0x000000070c100000, 0x000000070c100000|100%| E|CS|TAMS 0x000000070c000000, 0x000000070c000000| Complete 
| 181|0x000000070c100000, 0x000000070c200000, 0x000000070c200000|100%| E|CS|TAMS 0x000000070c100000, 0x000000070c100000| Complete 
| 182|0x000000070c200000, 0x000000070c300000, 0x000000070c300000|100%| E|CS|TAMS 0x000000070c200000, 0x000000070c200000| Complete 
| 183|0x000000070c300000, 0x000000070c400000, 0x000000070c400000|100%| E|CS|TAMS 0x000000070c300000, 0x000000070c300000| Complete 
| 184|0x000000070c400000, 0x000000070c500000, 0x000000070c500000|100%| E|CS|TAMS 0x000000070c400000, 0x000000070c400000| Complete 
| 185|0x000000070c500000, 0x000000070c600000, 0x000000070c600000|100%| E|CS|TAMS 0x000000070c500000, 0x000000070c500000| Complete 
| 186|0x000000070c600000, 0x000000070c700000, 0x000000070c700000|100%| E|CS|TAMS 0x000000070c600000, 0x000000070c600000| Complete 
| 187|0x000000070c700000, 0x000000070c800000, 0x000000070c800000|100%| E|CS|TAMS 0x000000070c700000, 0x000000070c700000| Complete 
| 188|0x000000070c800000, 0x000000070c900000, 0x000000070c900000|100%| E|CS|TAMS 0x000000070c800000, 0x000000070c800000| Complete 
| 189|0x000000070c900000, 0x000000070ca00000, 0x000000070ca00000|100%| E|CS|TAMS 0x000000070c900000, 0x000000070c900000| Complete 
| 190|0x000000070ca00000, 0x000000070cb00000, 0x000000070cb00000|100%| E|CS|TAMS 0x000000070ca00000, 0x000000070ca00000| Complete 
| 191|0x000000070cb00000, 0x000000070cc00000, 0x000000070cc00000|100%| E|CS|TAMS 0x000000070cb00000, 0x000000070cb00000| Complete 
| 192|0x000000070cc00000, 0x000000070cd00000, 0x000000070cd00000|100%| E|CS|TAMS 0x000000070cc00000, 0x000000070cc00000| Complete 
| 193|0x000000070cd00000, 0x000000070ce00000, 0x000000070ce00000|100%| E|CS|TAMS 0x000000070cd00000, 0x000000070cd00000| Complete 
| 194|0x000000070ce00000, 0x000000070cf00000, 0x000000070cf00000|100%| E|CS|TAMS 0x000000070ce00000, 0x000000070ce00000| Complete 
| 195|0x000000070cf00000, 0x000000070d000000, 0x000000070d000000|100%| E|CS|TAMS 0x000000070cf00000, 0x000000070cf00000| Complete 
| 196|0x000000070d000000, 0x000000070d100000, 0x000000070d100000|100%| E|CS|TAMS 0x000000070d000000, 0x000000070d000000| Complete 
| 197|0x000000070d100000, 0x000000070d200000, 0x000000070d200000|100%| E|CS|TAMS 0x000000070d100000, 0x000000070d100000| Complete 
| 198|0x000000070d200000, 0x000000070d300000, 0x000000070d300000|100%| E|CS|TAMS 0x000000070d200000, 0x000000070d200000| Complete 
| 199|0x000000070d300000, 0x000000070d400000, 0x000000070d400000|100%| E|CS|TAMS 0x000000070d300000, 0x000000070d300000| Complete 
| 200|0x000000070d400000, 0x000000070d500000, 0x000000070d500000|100%| E|CS|TAMS 0x000000070d400000, 0x000000070d400000| Complete 
| 201|0x000000070d500000, 0x000000070d600000, 0x000000070d600000|100%| E|CS|TAMS 0x000000070d500000, 0x000000070d500000| Complete 
| 202|0x000000070d600000, 0x000000070d700000, 0x000000070d700000|100%| E|CS|TAMS 0x000000070d600000, 0x000000070d600000| Complete 
| 203|0x000000070d700000, 0x000000070d800000, 0x000000070d800000|100%| E|CS|TAMS 0x000000070d700000, 0x000000070d700000| Complete 
| 204|0x000000070d800000, 0x000000070d900000, 0x000000070d900000|100%| E|CS|TAMS 0x000000070d800000, 0x000000070d800000| Complete 
| 205|0x000000070d900000, 0x000000070da00000, 0x000000070da00000|100%| E|CS|TAMS 0x000000070d900000, 0x000000070d900000| Complete 
| 206|0x000000070da00000, 0x000000070db00000, 0x000000070db00000|100%| E|CS|TAMS 0x000000070da00000, 0x000000070da00000| Complete 
| 207|0x000000070db00000, 0x000000070dc00000, 0x000000070dc00000|100%| E|  |TAMS 0x000000070db00000, 0x000000070db00000| Complete 
| 208|0x000000070dc00000, 0x000000070dd00000, 0x000000070dd00000|100%| E|CS|TAMS 0x000000070dc00000, 0x000000070dc00000| Complete 
| 209|0x000000070dd00000, 0x000000070de00000, 0x000000070de00000|100%| E|CS|TAMS 0x000000070dd00000, 0x000000070dd00000| Complete 
| 210|0x000000070de00000, 0x000000070df00000, 0x000000070df00000|100%| E|CS|TAMS 0x000000070de00000, 0x000000070de00000| Complete 
| 211|0x000000070df00000, 0x000000070e000000, 0x000000070e000000|100%| E|CS|TAMS 0x000000070df00000, 0x000000070df00000| Complete 
| 212|0x000000070e000000, 0x000000070e100000, 0x000000070e100000|100%| E|CS|TAMS 0x000000070e000000, 0x000000070e000000| Complete 
| 213|0x000000070e100000, 0x000000070e200000, 0x000000070e200000|100%| E|CS|TAMS 0x000000070e100000, 0x000000070e100000| Complete 
| 214|0x000000070e200000, 0x000000070e300000, 0x000000070e300000|100%| E|CS|TAMS 0x000000070e200000, 0x000000070e200000| Complete 
| 215|0x000000070e300000, 0x000000070e400000, 0x000000070e400000|100%| E|CS|TAMS 0x000000070e300000, 0x000000070e300000| Complete 
| 216|0x000000070e400000, 0x000000070e500000, 0x000000070e500000|100%| E|CS|TAMS 0x000000070e400000, 0x000000070e400000| Complete 
| 217|0x000000070e500000, 0x000000070e600000, 0x000000070e600000|100%| E|CS|TAMS 0x000000070e500000, 0x000000070e500000| Complete 
| 218|0x000000070e600000, 0x000000070e700000, 0x000000070e700000|100%| E|CS|TAMS 0x000000070e600000, 0x000000070e600000| Complete 
| 219|0x000000070e700000, 0x000000070e800000, 0x000000070e800000|100%| E|CS|TAMS 0x000000070e700000, 0x000000070e700000| Complete 
| 220|0x000000070e800000, 0x000000070e900000, 0x000000070e900000|100%| E|CS|TAMS 0x000000070e800000, 0x000000070e800000| Complete 
| 221|0x000000070e900000, 0x000000070ea00000, 0x000000070ea00000|100%| E|CS|TAMS 0x000000070e900000, 0x000000070e900000| Complete 
| 222|0x000000070ea00000, 0x000000070eb00000, 0x000000070eb00000|100%| E|CS|TAMS 0x000000070ea00000, 0x000000070ea00000| Complete 
| 223|0x000000070eb00000, 0x000000070ec00000, 0x000000070ec00000|100%| E|CS|TAMS 0x000000070eb00000, 0x000000070eb00000| Complete 
| 224|0x000000070ec00000, 0x000000070ed00000, 0x000000070ed00000|100%| E|CS|TAMS 0x000000070ec00000, 0x000000070ec00000| Complete 
| 225|0x000000070ed00000, 0x000000070ee00000, 0x000000070ee00000|100%| E|CS|TAMS 0x000000070ed00000, 0x000000070ed00000| Complete 
| 226|0x000000070ee00000, 0x000000070ef00000, 0x000000070ef00000|100%| E|CS|TAMS 0x000000070ee00000, 0x000000070ee00000| Complete 
| 227|0x000000070ef00000, 0x000000070f000000, 0x000000070f000000|100%| E|CS|TAMS 0x000000070ef00000, 0x000000070ef00000| Complete 
| 228|0x000000070f000000, 0x000000070f100000, 0x000000070f100000|100%| E|CS|TAMS 0x000000070f000000, 0x000000070f000000| Complete 
| 229|0x000000070f100000, 0x000000070f12ef70, 0x000000070f200000| 18%| S|CS|TAMS 0x000000070f100000, 0x000000070f100000| Complete 
| 230|0x000000070f200000, 0x000000070f300000, 0x000000070f300000|100%| S|CS|TAMS 0x000000070f200000, 0x000000070f200000| Complete 
| 231|0x000000070f300000, 0x000000070f400000, 0x000000070f400000|100%| S|CS|TAMS 0x000000070f300000, 0x000000070f300000| Complete 
| 232|0x000000070f400000, 0x000000070f500000, 0x000000070f500000|100%| E|CS|TAMS 0x000000070f400000, 0x000000070f400000| Complete 
| 233|0x000000070f500000, 0x000000070f600000, 0x000000070f600000|100%| E|CS|TAMS 0x000000070f500000, 0x000000070f500000| Complete 
| 234|0x000000070f600000, 0x000000070f700000, 0x000000070f700000|100%| E|CS|TAMS 0x000000070f600000, 0x000000070f600000| Complete 
| 235|0x000000070f700000, 0x000000070f800000, 0x000000070f800000|100%| E|CS|TAMS 0x000000070f700000, 0x000000070f700000| Complete 
| 236|0x000000070f800000, 0x000000070f900000, 0x000000070f900000|100%| E|CS|TAMS 0x000000070f800000, 0x000000070f800000| Complete 
| 237|0x000000070f900000, 0x000000070fa00000, 0x000000070fa00000|100%| E|CS|TAMS 0x000000070f900000, 0x000000070f900000| Complete 
| 238|0x000000070fa00000, 0x000000070fb00000, 0x000000070fb00000|100%| E|CS|TAMS 0x000000070fa00000, 0x000000070fa00000| Complete 
| 239|0x000000070fb00000, 0x000000070fc00000, 0x000000070fc00000|100%| E|CS|TAMS 0x000000070fb00000, 0x000000070fb00000| Complete 
| 240|0x000000070fc00000, 0x000000070fd00000, 0x000000070fd00000|100%| E|CS|TAMS 0x000000070fc00000, 0x000000070fc00000| Complete 
| 241|0x000000070fd00000, 0x000000070fe00000, 0x000000070fe00000|100%| E|CS|TAMS 0x000000070fd00000, 0x000000070fd00000| Complete 
| 242|0x000000070fe00000, 0x000000070ff00000, 0x000000070ff00000|100%| E|CS|TAMS 0x000000070fe00000, 0x000000070fe00000| Complete 
| 243|0x000000070ff00000, 0x0000000710000000, 0x0000000710000000|100%| E|CS|TAMS 0x000000070ff00000, 0x000000070ff00000| Complete 
| 244|0x0000000710000000, 0x0000000710100000, 0x0000000710100000|100%| E|CS|TAMS 0x0000000710000000, 0x0000000710000000| Complete 
| 245|0x0000000710100000, 0x0000000710200000, 0x0000000710200000|100%| E|CS|TAMS 0x0000000710100000, 0x0000000710100000| Complete 
| 246|0x0000000710200000, 0x0000000710300000, 0x0000000710300000|100%| E|CS|TAMS 0x0000000710200000, 0x0000000710200000| Complete 
| 247|0x0000000710300000, 0x0000000710400000, 0x0000000710400000|100%| E|CS|TAMS 0x0000000710300000, 0x0000000710300000| Complete 
| 248|0x0000000710400000, 0x0000000710500000, 0x0000000710500000|100%| E|CS|TAMS 0x0000000710400000, 0x0000000710400000| Complete 
| 249|0x0000000710500000, 0x0000000710600000, 0x0000000710600000|100%| E|CS|TAMS 0x0000000710500000, 0x0000000710500000| Complete 
| 250|0x0000000710600000, 0x0000000710700000, 0x0000000710700000|100%| E|CS|TAMS 0x0000000710600000, 0x0000000710600000| Complete 
| 251|0x0000000710700000, 0x0000000710800000, 0x0000000710800000|100%| E|CS|TAMS 0x0000000710700000, 0x0000000710700000| Complete 
| 252|0x0000000710800000, 0x0000000710900000, 0x0000000710900000|100%| E|CS|TAMS 0x0000000710800000, 0x0000000710800000| Complete 
| 253|0x0000000710900000, 0x0000000710a00000, 0x0000000710a00000|100%| E|CS|TAMS 0x0000000710900000, 0x0000000710900000| Complete 
| 254|0x0000000710a00000, 0x0000000710b00000, 0x0000000710b00000|100%| E|CS|TAMS 0x0000000710a00000, 0x0000000710a00000| Complete 
| 255|0x0000000710b00000, 0x0000000710c00000, 0x0000000710c00000|100%| E|CS|TAMS 0x0000000710b00000, 0x0000000710b00000| Complete 

Card table byte_map: [0x000002d039f40000,0x000002d03a740000] _byte_map_base: 0x000002d03673a000

Marking Bits (Prev, Next): (CMBitMap*) 0x000002d021c6d8d8, (CMBitMap*) 0x000002d021c6d910
 Prev Bits: [0x000002d03af40000, 0x000002d03ef10000)
 Next Bits: [0x000002d03ef10000, 0x000002d042ee0000)

Polling page: 0x000002d01f980000

Metaspace:

Usage:
  Non-class:     15.90 MB capacity,    15.64 MB ( 98%) used,   217.57 KB (  1%) free+waste,    53.31 KB ( <1%) overhead. 
      Class:      2.05 MB capacity,     1.83 MB ( 89%) used,   200.59 KB ( 10%) free+waste,    27.75 KB (  1%) overhead. 
       Both:     17.96 MB capacity,    17.47 MB ( 97%) used,   418.16 KB (  2%) free+waste,    81.06 KB ( <1%) overhead. 

Virtual space:
  Non-class space:       16.00 MB reserved,      16.00 MB (100%) committed 
      Class space:        1.00 GB reserved,       2.13 MB ( <1%) committed 
             Both:        1.02 GB reserved,      18.13 MB (  2%) committed 

Chunk freelists:
   Non-Class:  35.00 KB
       Class:  8.00 KB
        Both:  43.00 KB

CodeHeap 'non-profiled nmethods': size=120000Kb used=1318Kb max_used=1318Kb free=118681Kb
 bounds [0x000002d031cc0000, 0x000002d031f30000, 0x000002d0391f0000]
CodeHeap 'profiled nmethods': size=120000Kb used=4516Kb max_used=4516Kb free=115483Kb
 bounds [0x000002d02a790000, 0x000002d02ac00000, 0x000002d031cc0000]
CodeHeap 'non-nmethods': size=5760Kb used=1260Kb max_used=1317Kb free=4499Kb
 bounds [0x000002d02a1f0000, 0x000002d02a460000, 0x000002d02a790000]
 total_blobs=3434 nmethods=2285 adapters=553
 compilation: enabled
              stopped_count=0, restarted_count=0
 full_count=0

Compilation events (10 events):
Event: 9.601 Thread 0x000002d045c8e000 nmethod 2231 0x000002d02abcd310 code [0x000002d02abcd4e0, 0x000002d02abcd7a0]
Event: 9.601 Thread 0x000002d045c8e000 2232       3       java.awt.geom.AffineTransform::translate (547 bytes)
Event: 9.601 Thread 0x000002d045c8e000 nmethod 2232 0x000002d02abcd890 code [0x000002d02abcdaa0, 0x000002d02abce770]
Event: 9.601 Thread 0x000002d045c8e000 2233       3       sun.java2d.d3d.D3DSurfaceData::getContext (5 bytes)
Event: 9.602 Thread 0x000002d045c8e000 nmethod 2233 0x000002d02abce890 code [0x000002d02abcea40, 0x000002d02abcec18]
Event: 9.602 Thread 0x000002d045c8e000 2234       1       javax.swing.AbstractButton::getIcon (5 bytes)
Event: 9.602 Thread 0x000002d045c8e000 nmethod 2234 0x000002d031dfe210 code [0x000002d031dfe3c0, 0x000002d031dfe4d8]
Event: 9.602 Thread 0x000002d045c8e000 2239       3       javax.swing.DefaultButtonModel::isEnabled (16 bytes)
Event: 9.602 Thread 0x000002d045c8e000 nmethod 2239 0x000002d02abced10 code [0x000002d02abceec0, 0x000002d02abcf078]
Event: 9.602 Thread 0x000002d045c8e000 2226   !   3       javax.swing.JComponent::paint (409 bytes)

GC Heap History (2 events):
Event: 0.868 GC heap before
{Heap before GC invocations=0 (full 0):
 garbage-first heap   total 262144K, used 47104K [0x0000000700c00000, 0x0000000800000000)
  region size 1024K, 24 young (24576K), 0 survivors (0K)
 Metaspace       used 11442K, capacity 11786K, committed 11904K, reserved 1060864K
  class space    used 1133K, capacity 1299K, committed 1408K, reserved 1048576K
}
Event: 0.874 GC heap after
{Heap after GC invocations=1 (full 0):
 garbage-first heap   total 262144K, used 18619K [0x0000000700c00000, 0x0000000800000000)
  region size 1024K, 3 young (3072K), 3 survivors (3072K)
 Metaspace       used 11442K, capacity 11786K, committed 11904K, reserved 1060864K
  class space    used 1133K, capacity 1299K, committed 1408K, reserved 1048576K
}

Deoptimization events (10 events):
Event: 7.274 Thread 0x000002d04eb49800 Uncommon trap: reason=profile_predicate action=maybe_recompile pc=0x000002d031dbec64 method=java.lang.StringLatin1.indexOf([BI[BII)I @ 18 c2
Event: 7.274 Thread 0x000002d04eb49800 Uncommon trap: reason=profile_predicate action=maybe_recompile pc=0x000002d031dbec64 method=java.lang.StringLatin1.indexOf([BI[BII)I @ 18 c2
Event: 7.274 Thread 0x000002d04eb49800 Uncommon trap: reason=profile_predicate action=maybe_recompile pc=0x000002d031dbec64 method=java.lang.StringLatin1.indexOf([BI[BII)I @ 18 c2
Event: 7.274 Thread 0x000002d04eb49800 Uncommon trap: reason=profile_predicate action=maybe_recompile pc=0x000002d031dbec64 method=java.lang.StringLatin1.indexOf([BI[BII)I @ 18 c2
Event: 8.740 Thread 0x000002d04e2de000 Uncommon trap: reason=unstable_if action=reinterpret pc=0x000002d031dcc75c method=sun.awt.image.ImageDecoder.nextConsumer(Lsun/awt/image/ImageConsumerQueue;)Lsun/awt/image/ImageConsumerQueue; @ 11 c2
Event: 9.159 Thread 0x000002d04e2de000 Uncommon trap: reason=unstable_if action=reinterpret pc=0x000002d031d02ad4 method=sun.awt.image.PNGImageDecoder.filterRow([B[BIII)V @ 221 c2
Event: 9.522 Thread 0x000002d04e2de000 Uncommon trap: reason=profile_predicate action=maybe_recompile pc=0x000002d031de3b58 method=sun.awt.image.PNGImageDecoder.produceImage()V @ 966 c2
Event: 9.523 Thread 0x000002d0471a9000 Uncommon trap: reason=profile_predicate action=maybe_recompile pc=0x000002d031de3b58 method=sun.awt.image.PNGImageDecoder.produceImage()V @ 966 c2
Event: 9.525 Thread 0x000002d04e2de000 Uncommon trap: reason=profile_predicate action=maybe_recompile pc=0x000002d031de3b58 method=sun.awt.image.PNGImageDecoder.produceImage()V @ 966 c2
Event: 9.526 Thread 0x000002d0471a9000 Uncommon trap: reason=profile_predicate action=maybe_recompile pc=0x000002d031de3b58 method=sun.awt.image.PNGImageDecoder.produceImage()V @ 966 c2

Classes redefined (0 events):
No events

Internal exceptions (10 events):
Event: 1.017 Thread 0x000002d021c07800 Exception <a 'java/lang/NoSuchMethodError'{0x000000071036ff18}: java.lang.invoke.DirectMethodHandle$Holder.invokeStatic(Ljava/lang/Object;Ljava/lang/Object;Ljava/lang/Object;Ljava/lang/Object;Ljava/lang/Object;Ljava/lang/Object;Ljava/lang/Object;Ljava/lan
Event: 1.017 Thread 0x000002d021c07800 Exception <a 'java/lang/NoSuchMethodError'{0x000000071037bf70}: java.lang.invoke.Invokers$Holder.linkToTargetMethod(Ljava/lang/Object;ILjava/lang/Object;)Ljava/lang/Object;> (0x000000071037bf70) thrown at [c:/cygwin64/tmp/openjdk-jdk11u-windows-x64-hotspo
Event: 1.061 Thread 0x000002d04eb49800 Exception <a 'java/lang/NoSuchMethodError'{0x00000007105c9a28}: java.lang.invoke.DirectMethodHandle$Holder.invokeStatic(Ljava/lang/Object;Ljava/lang/Object;Ljava/lang/Object;Ljava/lang/Object;Ljava/lang/Object;Ljava/lang/Object;Ljava/lang/Object;Ljava/lan
Event: 4.475 Thread 0x000002d04eb49800 Exception <a 'java/lang/NoSuchMethodError'{0x000000070dfda9d8}: java.lang.invoke.DirectMethodHandle$Holder.invokeSpecial(Ljava/lang/Object;Ljava/lang/Object;IILjava/lang/Object;Ljava/lang/Object;Ljava/lang/Object;Ljava/lang/Object;)Ljava/lang/Object;> (0x
Event: 4.475 Thread 0x000002d04eb49800 Exception <a 'java/lang/NoSuchMethodError'{0x000000070dfde3b8}: java.lang.invoke.DelegatingMethodHandle$Holder.reinvoke_L(Ljava/lang/Object;IILjava/lang/Object;Ljava/lang/Object;Ljava/lang/Object;Ljava/lang/Object;)Ljava/lang/Object;> (0x000000070dfde3b8)
Event: 4.477 Thread 0x000002d04eb49800 Exception <a 'java/lang/NoSuchMethodError'{0x000000070de12630}: java.lang.invoke.DirectMethodHandle$Holder.invokeStatic(Ljava/lang/Object;Ljava/lang/Object;Ljava/lang/Object;Ljava/lang/Object;Ljava/lang/Object;Ljava/lang/Object;Ljava/lang/Object;Ljava/lan
Event: 4.478 Thread 0x000002d04eb49800 Exception <a 'java/lang/NoSuchMethodError'{0x000000070de2f1e8}: java.lang.invoke.DirectMethodHandle$Holder.invokeStatic(Ljava/lang/Object;Ljava/lang/Object;Ljava/lang/Object;Ljava/lang/Object;Ljava/lang/Object;Ljava/lang/Object;Ljava/lang/Object;Ljava/lan
Event: 8.740 Thread 0x000002d04e2de000 Exception <a 'java/lang/InterruptedException'{0x000000070cb9c590}: sleep interrupted> (0x000000070cb9c590) thrown at [c:/cygwin64/tmp/openjdk-jdk11u-windows-x64-hotspot/workspace/build/src/src/hotspot/share/prims/jvm.cpp, line 3084]
Event: 8.780 Thread 0x000002d0471a9000 Exception <a 'java/lang/InterruptedException'{0x000000070d5545f0}: sleep interrupted> (0x000000070d5545f0) thrown at [c:/cygwin64/tmp/openjdk-jdk11u-windows-x64-hotspot/workspace/build/src/src/hotspot/share/prims/jvm.cpp, line 3084]
Event: 9.159 Thread 0x000002d04e2de000 Implicit null exception at 0x000002d031d0113c to 0x000002d031d02ab2

Events (10 events):
Event: 9.578 loading class Controller/JeuController done
Event: 9.587 Thread 0x000002d04e693800 Thread added: 0x000002d04e693800
Event: 9.587 Executing VM operation: RevokeBias
Event: 9.587 Executing VM operation: RevokeBias done
Event: 9.588 Executing VM operation: RevokeBias
Event: 9.588 Executing VM operation: RevokeBias done
Event: 9.595 loading class javax/swing/plaf/metal/MetalUtils
Event: 9.595 loading class javax/swing/plaf/metal/MetalUtils done
Event: 9.595 loading class javax/swing/JToolBar
Event: 9.595 loading class javax/swing/JToolBar done


Dynamic libraries:
0x00007ff65f330000 - 0x00007ff65f37a000 	C:\Program Files\AdoptOpenJDK\jdk-11.0.3.7-hotspot\bin\javaw.exe
0x00007fffaf380000 - 0x00007fffaf56d000 	C:\Windows\SYSTEM32\ntdll.dll
0x00007fffac900000 - 0x00007fffac9b3000 	C:\Windows\System32\KERNEL32.DLL
0x00007fffabb80000 - 0x00007fffabe13000 	C:\Windows\System32\KERNELBASE.dll
0x00007fffaef00000 - 0x00007fffaf097000 	C:\Windows\System32\USER32.dll
0x00007fffab410000 - 0x00007fffab430000 	C:\Windows\System32\win32u.dll
0x00007fffac700000 - 0x00007fffac729000 	C:\Windows\System32\GDI32.dll
0x00007fffac020000 - 0x00007fffac1b9000 	C:\Windows\System32\gdi32full.dll
0x00007fffac4d0000 - 0x00007fffac570000 	C:\Windows\System32\msvcp_win.dll
0x00007fffabe80000 - 0x00007fffabf7a000 	C:\Windows\System32\ucrtbase.dll
0x00007fff9e9c0000 - 0x00007fff9ec39000 	C:\Windows\WinSxS\amd64_microsoft.windows.common-controls_6595b64144ccf1df_6.0.17763.973_none_05b245900721eb81\COMCTL32.dll
0x00007fffae8a0000 - 0x00007fffae93e000 	C:\Windows\System32\msvcrt.dll
0x00007fffaebd0000 - 0x00007fffaeefc000 	C:\Windows\System32\combase.dll
0x00007fffac570000 - 0x00007fffac692000 	C:\Windows\System32\RPCRT4.dll
0x00007fffac3a0000 - 0x00007fffac41e000 	C:\Windows\System32\bcryptPrimitives.dll
0x00007fffac730000 - 0x00007fffac75e000 	C:\Windows\System32\IMM32.DLL
0x00007fff965f0000 - 0x00007fff96606000 	C:\Program Files\AdoptOpenJDK\jdk-11.0.3.7-hotspot\bin\vcruntime140.dll
0x00007fff752d0000 - 0x00007fff7536b000 	C:\Program Files\AdoptOpenJDK\jdk-11.0.3.7-hotspot\bin\msvcp140.dll
0x00007fff78220000 - 0x00007fff78cd4000 	C:\Program Files\AdoptOpenJDK\jdk-11.0.3.7-hotspot\bin\server\jvm.dll
0x00007fffaf0a0000 - 0x00007fffaf143000 	C:\Windows\System32\ADVAPI32.dll
0x00007fffaf200000 - 0x00007fffaf29e000 	C:\Windows\System32\sechost.dll
0x00007fffacd00000 - 0x00007fffacd08000 	C:\Windows\System32\PSAPI.DLL
0x00007fffa68d0000 - 0x00007fffa68d9000 	C:\Windows\SYSTEM32\WSOCK32.dll
0x00007fffa9580000 - 0x00007fffa95a4000 	C:\Windows\SYSTEM32\WINMM.dll
0x00007fffae220000 - 0x00007fffae28d000 	C:\Windows\System32\WS2_32.dll
0x00007fffa55f0000 - 0x00007fffa55fa000 	C:\Windows\SYSTEM32\VERSION.dll
0x00007fffa9550000 - 0x00007fffa957d000 	C:\Windows\SYSTEM32\WINMMBASE.dll
0x00007fffabfb0000 - 0x00007fffabffa000 	C:\Windows\System32\cfgmgr32.dll
0x00007fffab3a0000 - 0x00007fffab3b1000 	C:\Windows\System32\kernel.appcore.dll
0x00007fffa68c0000 - 0x00007fffa68d0000 	C:\Program Files\AdoptOpenJDK\jdk-11.0.3.7-hotspot\bin\verify.dll
0x00007fff97d20000 - 0x00007fff97f0d000 	C:\Windows\SYSTEM32\DBGHELP.DLL
0x00007fff97c00000 - 0x00007fff97c2a000 	C:\Windows\SYSTEM32\dbgcore.DLL
0x00007fff81bd0000 - 0x00007fff81bf8000 	C:\Program Files\AdoptOpenJDK\jdk-11.0.3.7-hotspot\bin\java.dll
0x00007fff95be0000 - 0x00007fff95bf6000 	C:\Program Files\AdoptOpenJDK\jdk-11.0.3.7-hotspot\bin\zip.dll
0x00007fff994f0000 - 0x00007fff994fa000 	C:\Program Files\AdoptOpenJDK\jdk-11.0.3.7-hotspot\bin\jimage.dll
0x00007fffacd10000 - 0x00007fffae204000 	C:\Windows\System32\SHELL32.dll
0x00007fffaf150000 - 0x00007fffaf1f8000 	C:\Windows\System32\shcore.dll
0x00007fffab430000 - 0x00007fffabb7d000 	C:\Windows\System32\windows.storage.dll
0x00007fffab3c0000 - 0x00007fffab3e4000 	C:\Windows\System32\profapi.dll
0x00007fffab340000 - 0x00007fffab39d000 	C:\Windows\System32\powrprof.dll
0x00007fffac9c0000 - 0x00007fffaca12000 	C:\Windows\System32\shlwapi.dll
0x00007fffac000000 - 0x00007fffac017000 	C:\Windows\System32\cryptsp.dll
0x00007fff73480000 - 0x00007fff73619000 	C:\Program Files\AdoptOpenJDK\jdk-11.0.3.7-hotspot\bin\awt.dll
0x00007fffae7d0000 - 0x00007fffae894000 	C:\Windows\System32\OLEAUT32.dll
0x00007fffa8640000 - 0x00007fffa8bfe000 	C:\Windows\SYSTEM32\d2d1.dll
0x00007fffa96b0000 - 0x00007fffa973c000 	C:\Windows\SYSTEM32\apphelp.dll
0x00007fffa9d40000 - 0x00007fffa9d6e000 	C:\Windows\system32\DWMAPI.DLL
0x00007fffac1c0000 - 0x00007fffac39c000 	C:\Windows\System32\CRYPT32.dll
0x00007fffab3f0000 - 0x00007fffab402000 	C:\Windows\System32\MSASN1.dll
0x00007fffa9930000 - 0x00007fffa99cc000 	C:\Windows\system32\uxtheme.dll
0x00007fff753e0000 - 0x00007fff75507000 	C:\Windows\system32\opengl32.dll
0x00007fff80d40000 - 0x00007fff80d6c000 	C:\Windows\SYSTEM32\GLU32.dll
0x00007fffac790000 - 0x00007fffac8fc000 	C:\Windows\System32\MSCTF.dll
0x00007fffaea70000 - 0x00007fffaebc5000 	C:\Windows\System32\ole32.dll
0x00007fff9f4c0000 - 0x00007fff9f65e000 	C:\Windows\system32\d3d9.dll
0x00007fffa47d0000 - 0x00007fffa48bf000 	C:\Windows\System32\DriverStore\FileRepository\nv_dispi.inf_amd64_77e6900053c33f6f\nvldumdx.dll
0x00007fffabe20000 - 0x00007fffabe79000 	C:\Windows\System32\WINTRUST.DLL
0x00007fffac770000 - 0x00007fffac78d000 	C:\Windows\System32\imagehlp.dll
0x00007fffaa730000 - 0x00007fffaa763000 	C:\Windows\system32\rsaenh.dll
0x00007fffabf80000 - 0x00007fffabfa6000 	C:\Windows\System32\bcrypt.dll
0x00007fffaad80000 - 0x00007fffaad8c000 	C:\Windows\SYSTEM32\CRYPTBASE.dll
0x00007fff4cfc0000 - 0x00007fff4e4c4000 	C:\Windows\System32\DriverStore\FileRepository\nv_dispi.inf_amd64_77e6900053c33f6f\nvd3dumx.dll
0x00007fff79340000 - 0x00007fff79604000 	C:\Windows\system32\nvspcap64.dll
0x00007fffaa3b0000 - 0x00007fffaa3e1000 	C:\Windows\SYSTEM32\ntmarta.dll
0x00007fffa3f80000 - 0x00007fffa3faf000 	C:\Windows\SYSTEM32\cryptnet.dll
0x00007fffa9ff0000 - 0x00007fffaa012000 	C:\Windows\SYSTEM32\gpapi.dll
0x00007fff77530000 - 0x00007fff775b0000 	C:\Program Files\AdoptOpenJDK\jdk-11.0.3.7-hotspot\bin\freetype.dll
0x00007fff7f5c0000 - 0x00007fff7f62a000 	C:\Program Files\AdoptOpenJDK\jdk-11.0.3.7-hotspot\bin\fontmanager.dll
0x00007fffa4c80000 - 0x00007fffa4d15000 	C:\Windows\System32\TextInputFramework.dll
0x00007fffa8f50000 - 0x00007fffa9032000 	C:\Windows\System32\CoreMessaging.dll
0x00007fffa5fc0000 - 0x00007fffa62e2000 	C:\Windows\System32\CoreUIComponents.dll
0x00007fffa7660000 - 0x00007fffa77b3000 	C:\Windows\SYSTEM32\wintypes.dll
0x00007fff8da30000 - 0x00007fff8da49000 	C:\Program Files\AdoptOpenJDK\jdk-11.0.3.7-hotspot\bin\net.dll
0x00007fff9c940000 - 0x00007fff9cb17000 	C:\Windows\SYSTEM32\urlmon.dll
0x00007fffa3730000 - 0x00007fffa3822000 	C:\Windows\SYSTEM32\WINHTTP.dll
0x00007fff9c690000 - 0x00007fff9c938000 	C:\Windows\SYSTEM32\iertutil.dll
0x00007fffaabb0000 - 0x00007fffaac17000 	C:\Windows\system32\mswsock.dll
0x00007fff8d160000 - 0x00007fff8d172000 	C:\Program Files\AdoptOpenJDK\jdk-11.0.3.7-hotspot\bin\nio.dll
0x00007fff95e80000 - 0x00007fff95e91000 	C:\Program Files\AdoptOpenJDK\jdk-11.0.3.7-hotspot\bin\jsound.dll
0x00007fff6e810000 - 0x00007fff6e8a6000 	C:\Windows\SYSTEM32\DSOUND.dll
0x00007fffae940000 - 0x00007fffae9e2000 	C:\Windows\System32\clbcatq.dll
0x00007fffa6b00000 - 0x00007fffa6b70000 	C:\Windows\System32\MMDevApi.dll
0x00007fffa7d30000 - 0x00007fffa7ed9000 	C:\Windows\System32\PROPSYS.dll
0x00007fffab150000 - 0x00007fffab179000 	C:\Windows\System32\DEVOBJ.dll
0x00007fff81b80000 - 0x00007fff81bc4000 	C:\Windows\SYSTEM32\wdmaud.drv
0x00007fffa75e0000 - 0x00007fffa75ea000 	C:\Windows\SYSTEM32\AVRT.dll
0x00007fffa7bf0000 - 0x00007fffa7bf9000 	C:\Windows\SYSTEM32\ksuser.dll
0x00007fffa6b70000 - 0x00007fffa6cb8000 	C:\Windows\SYSTEM32\AUDIOSES.DLL
0x00007fff99380000 - 0x00007fff9938d000 	C:\Windows\SYSTEM32\msacm32.drv
0x00007fff8edb0000 - 0x00007fff8edcc000 	C:\Windows\SYSTEM32\MSACM32.dll
0x00007fff99090000 - 0x00007fff9909a000 	C:\Windows\SYSTEM32\midimap.dll
0x00007fffa9c40000 - 0x00007fffa9c54000 	C:\Windows\SYSTEM32\resourcepolicyclient.dll
0x00007fff4ba30000 - 0x00007fff4bab6000 	C:\Program Files (x86)\Overwolf\0.141.79.25\OWExplorer.dll
0x00007fff99530000 - 0x00007fff9966a000 	C:\Windows\System32\Windows.UI.dll
0x00007fffa3fc0000 - 0x00007fffa408c000 	C:\Windows\System32\InputHost.dll
0x00007fffa9a00000 - 0x00007fffa9c0d000 	C:\Windows\System32\twinapi.appcore.dll
0x00007fffa83c0000 - 0x00007fffa863e000 	C:\Windows\System32\d3d11.dll
0x00007fffa9c10000 - 0x00007fffa9c38000 	C:\Windows\System32\RMCLIENT.dll
0x00007fffaa140000 - 0x00007fffaa202000 	C:\Windows\System32\dxgi.dll

dbghelp: loaded successfully - version: 4.0.5 - missing functions: none
symbol engine: initialized successfully - sym options: 0x614 - pdb path: .;C:\Program Files\AdoptOpenJDK\jdk-11.0.3.7-hotspot\bin;C:\Windows\SYSTEM32;C:\Windows\WinSxS\amd64_microsoft.windows.common-controls_6595b64144ccf1df_6.0.17763.973_none_05b245900721eb81;C:\Program Files\AdoptOpenJDK\jdk-11.0.3.7-hotspot\bin\server;C:\Windows\System32\DriverStore\FileRepository\nv_dispi.inf_amd64_77e6900053c33f6f;C:\Program Files (x86)\Overwolf\0.141.79.25

VM Arguments:
jvm_args: -Dfile.encoding=Cp1252 
java_command: Main.Main
java_class_path (initial): C:\Users\quent\git\BatailleNavale\Bataille Navale\bin
Launcher Type: SUN_STANDARD

[Global flags]
     intx CICompilerCount                          = 4                                         {product} {ergonomic}
     uint ConcGCThreads                            = 3                                         {product} {ergonomic}
     uint G1ConcRefinementThreads                  = 10                                        {product} {ergonomic}
   size_t G1HeapRegionSize                         = 1048576                                   {product} {ergonomic}
    uintx GCDrainStackTargetSize                   = 64                                        {product} {ergonomic}
   size_t InitialHeapSize                          = 268435456                                 {product} {ergonomic}
   size_t MarkStackSize                            = 4194304                                   {product} {ergonomic}
   size_t MaxHeapSize                              = 4282384384                                {product} {ergonomic}
   size_t MaxNewSize                               = 2569011200                                {product} {ergonomic}
   size_t MinHeapDeltaBytes                        = 1048576                                   {product} {ergonomic}
    uintx NonNMethodCodeHeapSize                   = 5835340                                {pd product} {ergonomic}
    uintx NonProfiledCodeHeapSize                  = 122911450                              {pd product} {ergonomic}
    uintx ProfiledCodeHeapSize                     = 122911450                              {pd product} {ergonomic}
    uintx ReservedCodeCacheSize                    = 251658240                              {pd product} {ergonomic}
     bool SegmentedCodeCache                       = true                                      {product} {ergonomic}
     bool UseCompressedClassPointers               = true                                 {lp64_product} {ergonomic}
     bool UseCompressedOops                        = true                                 {lp64_product} {ergonomic}
     bool UseG1GC                                  = true                                      {product} {ergonomic}
     bool UseLargePagesIndividualAllocation        = false                                  {pd product} {ergonomic}

Logging:
Log output configuration:
 #0: stdout all=warning uptime,level,tags
 #1: stderr all=off uptime,level,tags

Environment Variables:
JAVA_HOME=<PATH_TO_JDK_HOME>
PATH=C:/Program Files/AdoptOpenJDK/jdk-11.0.3.7-hotspot/bin/server;C:/Program Files/AdoptOpenJDK/jdk-11.0.3.7-hotspot/bin;C:\Program Files\AdoptOpenJDK\jdk-11.0.3.7-hotspot\bin;C:\Program Files (x86)\Common Files\Oracle\Java\javapath;C:\Windows\system32;C:\Windows;C:\Windows\System32\Wbem;C:\Windows\System32\WindowsPowerShell\v1.0\;C:\Windows\System32\OpenSSH\;C:\Program Files (x86)\NVIDIA Corporation\PhysX\Common;C:\Program Files\NVIDIA Corporation\NVIDIA NvDLISR;C:\Program Files\Git\cmd;C:\Program Files\nodejs\;C:\Program Files\dotnet\;C:\Program Files\NVIDIA Corporation\NVIDIA NGX;C:\Program Files (x86)\Yarn\bin\;C:\Users\quent\AppData\Local\Programs\Python\Python37\Scripts\;C:\Users\quent\AppData\Local\Programs\Python\Python37\;C:\Users\quent\AppData\Local\Microsoft\WindowsApps;C:\Program Files\Java\jdk\bin;C:\Program Files\Java\jre\bin;C:\Users\quent\AppData\Local\atom\bin;Q:\IntelliJ IDEA 2018.3.5\bin;C:\Program Files\JetBrains\IntelliJ IDEA Community Edition 2018.3.4\bin;C:\MinGW\bin;C:\Users\quent\AppData\Local\Programs\Microsoft VS Code\bin;C:\Users\quent\AppData\Roaming\npm;C:\Program Files\nodejs;C:\Users\quent\Desktop\LaTex\miktex\bin\x64\;C:\Users\quent\AppData\Local\Yarn\bin;C:\Users\quent\AppData\Local\GitHubDesktop\bin;C:\Windows\System32;
USERNAME=quent
OS=Windows_NT
PROCESSOR_IDENTIFIER=AMD64 Family 23 Model 8 Stepping 2, AuthenticAMD



---------------  S Y S T E M  ---------------

OS: Windows 10 , 64 bit Build 17763 (10.0.17763.475)

CPU:total 12 (initial active 12) (12 cores per cpu, 2 threads per core) family 23 model 8 stepping 2, cmov, cx8, fxsr, mmx, sse, sse2, sse3, ssse3, sse4.1, sse4.2, popcnt, avx, avx2, aes, clmul, mmxext, 3dnowpref, lzcnt, sse4a, ht, tsc, tscinvbit, tscinv, bmi1, bmi2, adx, sha, fma

Memory: 4k page, system-wide physical 16331M (2637M free)
TotalPageFile size 39944M (AvailPageFile size 10M)
current process WorkingSet (physical memory assigned to process): 344M, peak: 362M
current process commit charge ("private bytes"): 546M, peak: 563M

vm_info: OpenJDK 64-Bit Server VM (11.0.3+7) for windows-amd64 JRE (11.0.3+7), built on Apr 18 2019 09:08:27 by "" with MS VC++ 15.8 (VS2017)

END.
